<?xml version="1.0" encoding="UTF-8"?>
<!-- Generated by org.testng.reporters.JUnitReportReporter -->
<testsuite hostname="Pranali" failures="0" tests="1" name="runner.Runner" time="12.907" errors="0" timestamp="2024-08-27T15:54:34 IST" skipped="0">
  <testcase classname="runner.Runner" name="runScenario" time="12.907"/>
</testsuite> <!-- runner.Runner -->
