<?xml version="1.0" encoding="UTF-8"?>
<!-- Generated by org.testng.reporters.JUnitReportReporter -->
<testsuite hostname="Pranali" failures="0" tests="1" name="test.ThreeTest" time="8.886" errors="0" timestamp="2024-08-26T17:03:46 IST" skipped="0">
  <testcase classname="test.ThreeTest" name="threeTest" time="8.886"/>
</testsuite> <!-- test.ThreeTest -->
