<?xml version="1.0" encoding="UTF-8"?>
<!-- Generated by org.testng.reporters.JUnitReportReporter -->
<testsuite hostname="Pranali" failures="0" tests="1" name="test.Login" time="13.945" errors="0" timestamp="2024-08-26T17:03:46 IST" skipped="0">
  <testcase classname="test.Login" name="login" time="13.945"/>
</testsuite> <!-- test.Login -->
